{"/Users/crpeixoto/Developer/Projects/koa-mongo-driver/lib/mongo.js": {"path":"/Users/crpeixoto/Developer/Projects/koa-mongo-driver/lib/mongo.js","statementMap":{"0":{"start":{"line":1,"column":24},"end":{"line":1,"column":42}},"1":{"start":{"line":3,"column":26},"end":{"line":7,"column":1}},"2":{"start":{"line":9,"column":33},"end":{"line":11,"column":1}},"3":{"start":{"line":13,"column":22},"end":{"line":13,"column":100}},"4":{"start":{"line":13,"column":33},"end":{"line":13,"column":100}},"5":{"start":{"line":15,"column":14},"end":{"line":17,"column":1}},"6":{"start":{"line":16,"column":2},"end":{"line":16,"column":37}},"7":{"start":{"line":16,"column":18},"end":{"line":16,"column":37}},"8":{"start":{"line":19,"column":14},"end":{"line":46,"column":1}},"9":{"start":{"line":20,"column":21},"end":{"line":20,"column":75}},"10":{"start":{"line":21,"column":28},"end":{"line":25,"column":3}},"11":{"start":{"line":27,"column":19},"end":{"line":27,"column":44}},"12":{"start":{"line":29,"column":2},"end":{"line":45,"column":7}},"13":{"start":{"line":29,"column":30},"end":{"line":45,"column":6}},"14":{"start":{"line":31,"column":6},"end":{"line":31,"column":29}},"15":{"start":{"line":32,"column":6},"end":{"line":32,"column":19}},"16":{"start":{"line":35,"column":6},"end":{"line":35,"column":29}},"17":{"start":{"line":38,"column":6},"end":{"line":42,"column":8}},"18":{"start":{"line":44,"column":6},"end":{"line":44,"column":29}},"19":{"start":{"line":48,"column":0},"end":{"line":48,"column":23}}},"fnMap":{"0":{"name":"(anonymous_0)","decl":{"start":{"line":13,"column":22},"end":{"line":13,"column":23}},"loc":{"start":{"line":13,"column":33},"end":{"line":13,"column":100}},"line":13},"1":{"name":"(anonymous_1)","decl":{"start":{"line":15,"column":14},"end":{"line":15,"column":15}},"loc":{"start":{"line":15,"column":30},"end":{"line":17,"column":1}},"line":15},"2":{"name":"(anonymous_2)","decl":{"start":{"line":19,"column":14},"end":{"line":19,"column":15}},"loc":{"start":{"line":19,"column":61},"end":{"line":46,"column":1}},"line":19},"3":{"name":"(anonymous_3)","decl":{"start":{"line":29,"column":9},"end":{"line":29,"column":10}},"loc":{"start":{"line":29,"column":30},"end":{"line":45,"column":6}},"line":29},"4":{"name":"(anonymous_4)","decl":{"start":{"line":30,"column":10},"end":{"line":30,"column":11}},"loc":{"start":{"line":30,"column":32},"end":{"line":33,"column":5}},"line":30},"5":{"name":"(anonymous_5)","decl":{"start":{"line":34,"column":10},"end":{"line":34,"column":11}},"loc":{"start":{"line":34,"column":22},"end":{"line":36,"column":5}},"line":34},"6":{"name":"(anonymous_6)","decl":{"start":{"line":37,"column":11},"end":{"line":37,"column":12}},"loc":{"start":{"line":37,"column":28},"end":{"line":45,"column":5}},"line":37}},"branchMap":{"0":{"loc":{"start":{"line":16,"column":2},"end":{"line":16,"column":37}},"type":"if","locations":[{"start":{"line":16,"column":2},"end":{"line":16,"column":37}},{"start":{"line":16,"column":2},"end":{"line":16,"column":37}}],"line":16}},"s":{"0":1,"1":1,"2":1,"3":1,"4":13,"5":1,"6":13,"7":9,"8":1,"9":13,"10":13,"11":13,"12":13,"13":13,"14":9,"15":9,"16":9,"17":4,"18":4,"19":1},"f":{"0":13,"1":13,"2":13,"3":13,"4":9,"5":9,"6":4},"b":{"0":[9,4]},"_coverageSchema":"332fd63041d2c1bcb487cc26dd0d5f7d97098a6c","hash":"6b713f381d43f42bfa26185443adfeff8e3459f5"}
}
