TN:
SF:/Users/crpeixoto/Developer/Projects/koa-mongo-driver/lib/mongo.js
FN:13,(anonymous_0)
FN:15,(anonymous_1)
FN:19,(anonymous_2)
FN:29,(anonymous_3)
FN:30,(anonymous_4)
FN:34,(anonymous_5)
FN:37,(anonymous_6)
FNF:7
FNH:7
FNDA:13,(anonymous_0)
FNDA:13,(anonymous_1)
FNDA:13,(anonymous_2)
FNDA:13,(anonymous_3)
FNDA:9,(anonymous_4)
FNDA:9,(anonymous_5)
FNDA:4,(anonymous_6)
DA:1,1
DA:3,1
DA:9,1
DA:13,13
DA:15,1
DA:16,13
DA:19,1
DA:20,13
DA:21,13
DA:27,13
DA:29,13
DA:31,9
DA:32,9
DA:35,9
DA:38,4
DA:44,4
DA:48,1
LF:17
LH:17
BRDA:16,0,0,9
BRDA:16,0,1,4
BRF:2
BRH:2
end_of_record
